<?xml version="1.0" encoding="UTF-8"?>
<testng-results total="2" passed="2" failed="0" skipped="0">
  <reporter-output>
  </reporter-output>
  <suite started-at="2021-11-10T10:44:04Z" name="Default suite" finished-at="2021-11-10T10:44:21Z" duration-ms="17716">
    <groups>
    </groups>
    <test started-at="2021-11-10T10:44:04Z" name="Default test" finished-at="2021-11-10T10:44:21Z" duration-ms="17716">
      <class name="Academy.E2EProject.HomePageTest">
        <test-method is-config="true" signature="initialiseTest()[pri:0, instance:Academy.E2EProject.HomePageTest@1506f20f]" started-at="2021-11-10T16:14:04Z" name="initialiseTest" finished-at="2021-11-10T16:14:05Z" duration-ms="1597" status="PASS">
          <reporter-output>
          </reporter-output>
        </test-method> <!-- initialiseTest -->
        <test-method signature="Test(java.lang.String, java.lang.String)[pri:0, instance:Academy.E2EProject.HomePageTest@1506f20f]" started-at="2021-11-10T16:14:05Z" name="Test" data-provider="getData" finished-at="2021-11-10T16:14:17Z" duration-ms="11876" status="PASS">
          <params>
            <param index="0">
              <value>
                <![CDATA[apeksha@gmail.com]]>
              </value>
            </param>
            <param index="1">
              <value>
                <![CDATA[Password]]>
              </value>
            </param>
          </params>
          <reporter-output>
          </reporter-output>
        </test-method> <!-- Test -->
        <test-method signature="Test(java.lang.String, java.lang.String)[pri:0, instance:Academy.E2EProject.HomePageTest@1506f20f]" started-at="2021-11-10T16:14:17Z" name="Test" data-provider="getData" finished-at="2021-11-10T16:14:21Z" duration-ms="4053" status="PASS">
          <params>
            <param index="0">
              <value>
                <![CDATA[shreya@gmail.com]]>
              </value>
            </param>
            <param index="1">
              <value>
                <![CDATA[Password123]]>
              </value>
            </param>
          </params>
          <reporter-output>
          </reporter-output>
        </test-method> <!-- Test -->
        <test-method is-config="true" signature="teardown()[pri:0, instance:Academy.E2EProject.HomePageTest@1506f20f]" started-at="2021-11-10T16:14:21Z" name="teardown" finished-at="2021-11-10T16:14:21Z" duration-ms="177" status="PASS">
          <reporter-output>
          </reporter-output>
        </test-method> <!-- teardown -->
      </class> <!-- Academy.E2EProject.HomePageTest -->
    </test> <!-- Default test -->
  </suite> <!-- Default suite -->
</testng-results>
